TN:
SF:script/TeaLoveContract.s.sol
DA:8,0
FN:8,DeployTLV.run
FNDA:0,DeployTLV.run
DA:9,0
DA:10,0
DA:12,0
FNF:1
FNH:0
LF:4
LH:0
BRF:0
BRH:0
end_of_record
TN:
SF:src/TeaLoveContract.sol
DA:22,10
FN:22,TeaLoveContract.constructor
FNDA:10,TeaLoveContract.constructor
DA:23,10
DA:26,21
FN:26,TeaLoveContract.click
FNDA:21,TeaLoveContract.click
DA:27,21
DA:28,21
DA:30,21
BRDA:30,0,0,12
DA:31,12
DA:32,12
DA:35,21
DA:38,3
FN:38,TeaLoveContract._sortUsers
FNDA:3,TeaLoveContract._sortUsers
DA:39,3
DA:40,5
DA:41,4
BRDA:41,1,0,1
DA:42,1
DA:43,1
DA:44,1
DA:50,5
FN:50,TeaLoveContract.getAllUsers
FNDA:5,TeaLoveContract.getAllUsers
DA:51,5
DA:54,1
FN:54,TeaLoveContract.getOwner
FNDA:1,TeaLoveContract.getOwner
DA:55,1
DA:58,3
FN:58,TeaLoveContract.getSortedUsers
FNDA:3,TeaLoveContract.getSortedUsers
DA:59,3
DA:62,3
DA:63,5
DA:70,3
DA:72,3
FNF:6
FNH:6
LF:26
LH:26
BRF:2
BRH:2
end_of_record
